{"C:\\Users\\Alonso\\Downloads\\NASA Proyect\\javascript\\main.js": {"path":"C:\\Users\\Alonso\\Downloads\\NASA Proyect\\javascript\\main.js","statementMap":{"0":{"start":{"line":4,"column":14},"end":{"line":4,"column":30}},"1":{"start":{"line":8,"column":20},"end":{"line":8,"column":22}},"2":{"start":{"line":10,"column":12},"end":{"line":20,"column":5}},"3":{"start":{"line":12,"column":8},"end":{"line":19,"column":9}},"4":{"start":{"line":12,"column":21},"end":{"line":12,"column":22}},"5":{"start":{"line":14,"column":12},"end":{"line":14,"column":52}},"6":{"start":{"line":18,"column":12},"end":{"line":18,"column":59}},"7":{"start":{"line":22,"column":4},"end":{"line":22,"column":16}},"8":{"start":{"line":24,"column":4},"end":{"line":24,"column":20}},"9":{"start":{"line":31,"column":0},"end":{"line":31,"column":39}},"10":{"start":{"line":39,"column":15},"end":{"line":39,"column":70}},"11":{"start":{"line":40,"column":16},"end":{"line":40,"column":22}},"12":{"start":{"line":45,"column":22},"end":{"line":45,"column":64}},"13":{"start":{"line":45,"column":41},"end":{"line":45,"column":54}},"14":{"start":{"line":47,"column":8},"end":{"line":47,"column":38}},"15":{"start":{"line":54,"column":0},"end":{"line":54,"column":43}},"16":{"start":{"line":62,"column":15},"end":{"line":62,"column":30}},"17":{"start":{"line":66,"column":22},"end":{"line":66,"column":24}},"18":{"start":{"line":68,"column":4},"end":{"line":79,"column":5}},"19":{"start":{"line":68,"column":16},"end":{"line":68,"column":17}},"20":{"start":{"line":70,"column":23},"end":{"line":70,"column":32}},"21":{"start":{"line":72,"column":8},"end":{"line":78,"column":9}},"22":{"start":{"line":74,"column":12},"end":{"line":74,"column":35}},"23":{"start":{"line":77,"column":12},"end":{"line":77,"column":37}},"24":{"start":{"line":82,"column":22},"end":{"line":82,"column":120}},"25":{"start":{"line":82,"column":89},"end":{"line":82,"column":115}},"26":{"start":{"line":84,"column":4},"end":{"line":84,"column":20}},"27":{"start":{"line":88,"column":0},"end":{"line":88,"column":30}},"28":{"start":{"line":89,"column":0},"end":{"line":93,"column":1}}},"fnMap":{"0":{"name":"obtenerSubconjuntos","decl":{"start":{"line":7,"column":9},"end":{"line":7,"column":28}},"loc":{"start":{"line":7,"column":36},"end":{"line":25,"column":1}},"line":7},"1":{"name":"(anonymous_1)","decl":{"start":{"line":10,"column":12},"end":{"line":10,"column":13}},"loc":{"start":{"line":10,"column":37},"end":{"line":20,"column":5}},"line":10},"2":{"name":"buscarPalabra","decl":{"start":{"line":43,"column":9},"end":{"line":43,"column":22}},"loc":{"start":{"line":43,"column":39},"end":{"line":48,"column":1}},"line":43},"3":{"name":"(anonymous_3)","decl":{"start":{"line":45,"column":33},"end":{"line":45,"column":34}},"loc":{"start":{"line":45,"column":41},"end":{"line":45,"column":54}},"line":45},"4":{"name":"comprimir","decl":{"start":{"line":64,"column":9},"end":{"line":64,"column":18}},"loc":{"start":{"line":64,"column":26},"end":{"line":86,"column":1}},"line":64},"5":{"name":"(anonymous_5)","decl":{"start":{"line":82,"column":57},"end":{"line":82,"column":58}},"loc":{"start":{"line":82,"column":89},"end":{"line":82,"column":115}},"line":82}},"branchMap":{"0":{"loc":{"start":{"line":72,"column":8},"end":{"line":78,"column":9}},"type":"if","locations":[{"start":{"line":72,"column":8},"end":{"line":78,"column":9}},{"start":{"line":75,"column":15},"end":{"line":78,"column":9}}],"line":72}},"s":{"0":1,"1":2,"2":2,"3":32,"4":32,"5":30,"6":30,"7":2,"8":2,"9":1,"10":1,"11":1,"12":2,"13":18,"14":2,"15":1,"16":1,"17":2,"18":2,"19":2,"20":26,"21":26,"22":18,"23":8,"24":2,"25":8,"26":2,"27":1,"28":1},"f":{"0":2,"1":32,"2":2,"3":18,"4":2,"5":8},"b":{"0":[18,8]},"_coverageSchema":"1a1c01bbd47fc00a2c39e90264f33305004495a9","hash":"3b657c6151395492ad76a01324f856c8552e0ba2"}
}
