TN:
SF:javascript\main.js
FN:7,obtenerSubconjuntos
FN:10,(anonymous_1)
FN:43,buscarPalabra
FN:45,(anonymous_3)
FN:64,comprimir
FN:82,(anonymous_5)
FNF:6
FNH:6
FNDA:2,obtenerSubconjuntos
FNDA:32,(anonymous_1)
FNDA:2,buscarPalabra
FNDA:18,(anonymous_3)
FNDA:2,comprimir
FNDA:8,(anonymous_5)
DA:4,1
DA:8,2
DA:10,2
DA:12,32
DA:14,30
DA:18,30
DA:22,2
DA:24,2
DA:31,1
DA:39,1
DA:40,1
DA:45,18
DA:47,2
DA:54,1
DA:62,1
DA:66,2
DA:68,2
DA:70,26
DA:72,26
DA:74,18
DA:77,8
DA:82,8
DA:84,2
DA:88,1
DA:89,1
LF:25
LH:25
BRDA:72,0,0,18
BRDA:72,0,1,8
BRF:2
BRH:2
end_of_record
